# JRE version: OpenJDK Runtime Environment (11.0.13) (build 11.0.13+0-b1751.21-8125866)
# Java VM: OpenJDK 64-Bit Server VM (11.0.13+0-b1751.21-8125866, mixed mode, tiered, compressed oops, g1 gc, windows-amd64)
Heap:
 garbage-first heap   total 129024K, used 83088K [0x0000000080000000, 0x0000000100000000)
  region size 1024K, 22 young (22528K), 6 survivors (6144K)
 Metaspace       used 82773K, capacity 84840K, committed 85116K, reserved 1122304K
  class space    used 10785K, capacity 11587K, committed 11724K, reserved 1048576K
GC Heap History (20 events):
Event: 57.980 GC heap before
{Heap before GC invocations=9 (full 0):
 garbage-first heap   total 129024K, used 100625K [0x0000000080000000, 0x0000000100000000)
  region size 1024K, 73 young (74752K), 8 survivors (8192K)
 Metaspace       used 48911K, capacity 50191K, committed 50428K, reserved 1093632K
  class space    used 6184K, capacity 6669K, committed 6732K, reserved 1048576K
}
Event: 58.009 GC heap after
{Heap after GC invocations=10 (full 0):
 garbage-first heap   total 129024K, used 41988K [0x0000000080000000, 0x0000000100000000)
  region size 1024K, 10 young (10240K), 10 survivors (10240K)
 Metaspace       used 48911K, capacity 50191K, committed 50428K, reserved 1093632K
  class space    used 6184K, capacity 6669K, committed 6732K, reserved 1048576K
}
Event: 60.334 GC heap before
{Heap before GC invocations=10 (full 0):
 garbage-first heap   total 129024K, used 97284K [0x0000000080000000, 0x0000000100000000)
  region size 1024K, 64 young (65536K), 10 survivors (10240K)
 Metaspace       used 56607K, capacity 58007K, committed 58364K, reserved 1099776K
  class space    used 7112K, capacity 7650K, committed 7756K, reserved 1048576K
}
Event: 60.343 GC heap after
{Heap after GC invocations=11 (full 0):
 garbage-first heap   total 129024K, used 45393K [0x0000000080000000, 0x0000000100000000)
  region size 1024K, 3 young (3072K), 3 survivors (3072K)
 Metaspace       used 56607K, capacity 58007K, committed 58364K, reserved 1099776K
  class space    used 7112K, capacity 7650K, committed 7756K, reserved 1048576K
}
Event: 60.777 GC heap before
{Heap before GC invocations=11 (full 0):
 garbage-first heap   total 129024K, used 55633K [0x0000000080000000, 0x0000000100000000)
  region size 1024K, 14 young (14336K), 3 survivors (3072K)
 Metaspace       used 58428K, capacity 59800K, committed 59900K, reserved 1101824K
  class space    used 7369K, capacity 7928K, committed 8012K, reserved 1048576K
}
Event: 60.785 GC heap after
{Heap after GC invocations=12 (full 0):
 garbage-first heap   total 129024K, used 45656K [0x0000000080000000, 0x0000000100000000)
  region size 1024K, 3 young (3072K), 3 survivors (3072K)
 Metaspace       used 58428K, capacity 59800K, committed 59900K, reserved 1101824K
  class space    used 7369K, capacity 7928K, committed 8012K, reserved 1048576K
}
Event: 61.908 GC heap before
{Heap before GC invocations=13 (full 0):
 garbage-first heap   total 129024K, used 108120K [0x0000000080000000, 0x0000000100000000)
  region size 1024K, 57 young (58368K), 3 survivors (3072K)
 Metaspace       used 62903K, capacity 64321K, committed 64508K, reserved 1105920K
  class space    used 7918K, capacity 8467K, committed 8524K, reserved 1048576K
}
Event: 61.915 GC heap after
{Heap after GC invocations=14 (full 0):
 garbage-first heap   total 129024K, used 50297K [0x0000000080000000, 0x0000000100000000)
  region size 1024K, 8 young (8192K), 8 survivors (8192K)
 Metaspace       used 62903K, capacity 64321K, committed 64508K, reserved 1105920K
  class space    used 7918K, capacity 8467K, committed 8524K, reserved 1048576K
}
Event: 62.894 GC heap before
{Heap before GC invocations=14 (full 0):
 garbage-first heap   total 129024K, used 102521K [0x0000000080000000, 0x0000000100000000)
  region size 1024K, 58 young (59392K), 8 survivors (8192K)
 Metaspace       used 65150K, capacity 66581K, committed 66684K, reserved 1107968K
  class space    used 8237K, capacity 8805K, committed 8908K, reserved 1048576K
}
Event: 62.902 GC heap after
{Heap after GC invocations=15 (full 0):
 garbage-first heap   total 129024K, used 54138K [0x0000000080000000, 0x0000000100000000)
  region size 1024K, 4 young (4096K), 4 survivors (4096K)
 Metaspace       used 65150K, capacity 66581K, committed 66684K, reserved 1107968K
  class space    used 8237K, capacity 8805K, committed 8908K, reserved 1048576K
}
Event: 63.692 GC heap before
{Heap before GC invocations=15 (full 0):
 garbage-first heap   total 129024K, used 103290K [0x0000000080000000, 0x0000000100000000)
  region size 1024K, 52 young (53248K), 4 survivors (4096K)
 Metaspace       used 69064K, capacity 70595K, committed 70908K, reserved 1110016K
  class space    used 8878K, capacity 9482K, committed 9548K, reserved 1048576K
}
Event: 63.698 GC heap after
{Heap after GC invocations=16 (full 0):
 garbage-first heap   total 129024K, used 56907K [0x0000000080000000, 0x0000000100000000)
  region size 1024K, 7 young (7168K), 7 survivors (7168K)
 Metaspace       used 69064K, capacity 70595K, committed 70908K, reserved 1110016K
  class space    used 8878K, capacity 9482K, committed 9548K, reserved 1048576K
}
Event: 64.709 GC heap before
{Heap before GC invocations=16 (full 0):
 garbage-first heap   total 129024K, used 104011K [0x0000000080000000, 0x0000000100000000)
  region size 1024K, 53 young (54272K), 7 survivors (7168K)
 Metaspace       used 73166K, capacity 74789K, committed 74876K, reserved 1114112K
  class space    used 9473K, capacity 10110K, committed 10188K, reserved 1048576K
}
Event: 64.718 GC heap after
{Heap after GC invocations=17 (full 0):
 garbage-first heap   total 129024K, used 60025K [0x0000000080000000, 0x0000000100000000)
  region size 1024K, 7 young (7168K), 7 survivors (7168K)
 Metaspace       used 73166K, capacity 74789K, committed 74876K, reserved 1114112K
  class space    used 9473K, capacity 10110K, committed 10188K, reserved 1048576K
}
Event: 67.974 GC heap before
{Heap before GC invocations=17 (full 0):
 garbage-first heap   total 129024K, used 105081K [0x0000000080000000, 0x0000000100000000)
  region size 1024K, 51 young (52224K), 7 survivors (7168K)
 Metaspace       used 78211K, capacity 79999K, committed 80252K, reserved 1118208K
  class space    used 10158K, capacity 10831K, committed 10956K, reserved 1048576K
}
Event: 67.988 GC heap after
{Heap after GC invocations=18 (full 0):
 garbage-first heap   total 129024K, used 62900K [0x0000000080000000, 0x0000000100000000)
  region size 1024K, 6 young (6144K), 6 survivors (6144K)
 Metaspace       used 78211K, capacity 79999K, committed 80252K, reserved 1118208K
  class space    used 10158K, capacity 10831K, committed 10956K, reserved 1048576K
}
Event: 76.755 GC heap before
{Heap before GC invocations=18 (full 0):
 garbage-first heap   total 129024K, used 104884K [0x0000000080000000, 0x0000000100000000)
  region size 1024K, 48 young (49152K), 6 survivors (6144K)
 Metaspace       used 81424K, capacity 83427K, committed 83580K, reserved 1122304K
  class space    used 10684K, capacity 11466K, committed 11468K, reserved 1048576K
}
Event: 76.786 GC heap after
{Heap after GC invocations=19 (full 0):
 garbage-first heap   total 129024K, used 65774K [0x0000000080000000, 0x0000000100000000)
  region size 1024K, 6 young (6144K), 6 survivors (6144K)
 Metaspace       used 81424K, capacity 83427K, committed 83580K, reserved 1122304K
  class space    used 10684K, capacity 11466K, committed 11468K, reserved 1048576K
}
Event: 90.580 GC heap before
{Heap before GC invocations=19 (full 0):
 garbage-first heap   total 129024K, used 105710K [0x0000000080000000, 0x0000000100000000)
  region size 1024K, 46 young (47104K), 6 survivors (6144K)
 Metaspace       used 81878K, capacity 83900K, committed 84220K, reserved 1122304K
  class space    used 10704K, capacity 11487K, committed 11596K, reserved 1048576K
}
Event: 90.610 GC heap after
{Heap after GC invocations=20 (full 0):
 garbage-first heap   total 129024K, used 68752K [0x0000000080000000, 0x0000000100000000)
  region size 1024K, 6 young (6144K), 6 survivors (6144K)
 Metaspace       used 81878K, capacity 83900K, committed 84220K, reserved 1122304K
  class space    used 10704K, capacity 11487K, committed 11596K, reserved 1048576K
}

